<?xml version="1.0" encoding="UTF-8"?>
<!-- Generated by org.testng.reporters.JUnitReportReporter -->
<testsuite hostname="DESKTOP-MEL0TQP" failures="0" tests="3" name="assignment.El_Pais" time="39.623" errors="0" timestamp="2024-12-31T18:53:08 IST" skipped="0">
  <testcase classname="assignment.El_Pais" name="el_pais" time="13.459"/>
  <testcase classname="assignment.El_Pais" name="el_pais" time="13.861"/>
  <testcase classname="assignment.El_Pais" name="el_pais" time="12.303"/>
</testsuite> <!-- assignment.El_Pais -->
